<?xml version="1.0" encoding="UTF-8"?>
<!-- Generated by org.testng.reporters.JUnitXMLReporter -->
<testsuite ignored="0" hostname="PeaceLover" failures="0" tests="2" name="ShoppingCart_Validation_Add_to_Cart" time="0.038" errors="0" timestamp="2025-02-01T16:48:21 IST">
  <testcase classname="RonaldFredrick_Automation.SeleniumFrameWork_Implementation.ShoppingCart_Validation_Add_to_Cart" name="Add_productTo_cart" time="0.0">
    <skipped/>
  </testcase> <!-- Add_productTo_cart -->
  <testcase classname="RonaldFredrick_Automation.SeleniumFrameWork_Implementation.ShoppingCart_Validation_Add_to_Cart" name="Add_productTo_cart" time="0.0">
    <skipped/>
  </testcase> <!-- Add_productTo_cart -->
</testsuite> <!-- ShoppingCart_Validation_Add_to_Cart -->
