<?xml version="1.0" encoding="UTF-8"?>
<!-- Generated by org.testng.reporters.JUnitXMLReporter -->
<testsuite ignored="0" hostname="PeaceLover" failures="0" tests="2" name="Smoke_Test2" time="6.167" errors="0" timestamp="2025-01-31T00:05:19 IST">
  <testcase classname="RonaldFredrick_Automation.SeleniumFrameWork_Implementation.UserAuthentication_Validation_Valid" name="validLogin" time="0.389"/>
  <testcase classname="RonaldFredrick_Automation.SeleniumFrameWork_Implementation.UserAuthentication_Validation_Valid" name="validLogin" time="0.428"/>
</testsuite> <!-- Smoke_Test2 -->
