<?xml version="1.0" encoding="UTF-8"?>
<!-- Generated by org.testng.reporters.JUnitXMLReporter -->
<testsuite ignored="0" hostname="PeaceLover" failures="0" tests="2" name="Smoke_Test3" time="13.153" errors="0" timestamp="2025-01-31T00:05:33 IST">
  <testcase classname="RonaldFredrick_Automation.SeleniumFrameWork_Implementation.ShoppingCart_Validation_Add_to_Cart" name="Add_productTo_cart" time="4.04"/>
  <testcase classname="RonaldFredrick_Automation.SeleniumFrameWork_Implementation.ShoppingCart_Validation_Add_to_Cart" name="Add_productTo_cart" time="4.016"/>
</testsuite> <!-- Smoke_Test3 -->
