<?xml version="1.0" encoding="UTF-8"?>
<!-- Generated by org.testng.reporters.JUnitXMLReporter -->
<testsuite ignored="0" hostname="PeaceLover" failures="0" tests="2" name="UserAuthentication_Validation_Valid" time="0.036" errors="0" timestamp="2025-02-01T16:48:21 IST">
  <testcase classname="RonaldFredrick_Automation.SeleniumFrameWork_Implementation.UserAuthentication_Validation_Valid" name="validLogin" time="0.0">
    <skipped/>
  </testcase> <!-- validLogin -->
  <testcase classname="RonaldFredrick_Automation.SeleniumFrameWork_Implementation.UserAuthentication_Validation_Valid" name="validLogin" time="0.0">
    <skipped/>
  </testcase> <!-- validLogin -->
</testsuite> <!-- UserAuthentication_Validation_Valid -->
