<?xml version="1.0" encoding="UTF-8"?>
<!-- Generated by org.testng.reporters.JUnitXMLReporter -->
<testsuite ignored="0" hostname="PeaceLover" failures="0" tests="1" name="UserRegistration_Validation" time="0.017" errors="0" timestamp="2025-02-01T16:48:21 IST">
  <testcase classname="RonaldFredrick_Automation.SeleniumFrameWork_Implementation.UserRegistration_Validation" name="registration_Validation" time="0.0">
    <skipped/>
  </testcase> <!-- registration_Validation -->
</testsuite> <!-- UserRegistration_Validation -->
