<?xml version="1.0" encoding="UTF-8"?>
<!-- Generated by org.testng.reporters.JUnitXMLReporter -->
<testsuite ignored="0" hostname="PeaceLover" failures="0" tests="2" name="ShoppingCart_Validation_Add_to_Cart" time="14.0" errors="0" timestamp="2025-02-05T13:47:30 IST">
  <testcase classname="RonaldFredrick_Automation.SeleniumFrameWork_Implementation.ShoppingCart_Validation_Add_to_Cart" name="Add_productTo_cart" time="4.084"/>
  <testcase classname="RonaldFredrick_Automation.SeleniumFrameWork_Implementation.ShoppingCart_Validation_Add_to_Cart" name="Add_productTo_cart" time="4.135"/>
</testsuite> <!-- ShoppingCart_Validation_Add_to_Cart -->
