<?xml version="1.0" encoding="UTF-8"?>
<!-- Generated by org.testng.reporters.JUnitXMLReporter -->
<testsuite ignored="0" hostname="PeaceLover" failures="0" tests="2" name="ShoppingCart_Validation_add_And_Delete" time="58.63" errors="0" timestamp="2025-02-05T13:47:11 IST">
  <testcase classname="RonaldFredrick_Automation.SeleniumFrameWork_Implementation.ShoppingCart_Validation_add_And_Delete" name="Add_and_Delete_Product_From_Cart" time="31.08"/>
  <testcase classname="RonaldFredrick_Automation.SeleniumFrameWork_Implementation.ShoppingCart_Validation_add_And_Delete" name="Add_and_Delete_Product_From_Cart" time="19.737"/>
</testsuite> <!-- ShoppingCart_Validation_add_And_Delete -->
