<?xml version="1.0" encoding="UTF-8"?>
<!-- Generated by org.testng.reporters.JUnitXMLReporter -->
<testsuite ignored="0" hostname="PeaceLover" failures="0" tests="5" name="Test" time="30.358" errors="0" timestamp="2025-01-21T23:25:21 IST">
  <testcase classname="RonaldFredrick_Automation.SeleniumFrameWork_Implementation.UserRegistration_Validation" name="registration_Validation" time="3.6"/>
  <testcase classname="RonaldFredrick_Automation.SeleniumFrameWork_Implementation.UserAuthentication_Validation" name="inValidLogin" time="1.429"/>
  <testcase classname="RonaldFredrick_Automation.SeleniumFrameWork_Implementation.UserAuthentication_Validation" name="validLogin" time="0.394"/>
  <testcase classname="RonaldFredrick_Automation.SeleniumFrameWork_Implementation.ShoppingCart_Validation" name="Add_and_Delete_Product_From_Cart" time="4.687"/>
  <testcase classname="RonaldFredrick_Automation.SeleniumFrameWork_Implementation.ShoppingCart_Validation" name="Add_productTo_cart" time="3.875"/>
</testsuite> <!-- Test -->
