<?xml version="1.0" encoding="UTF-8"?>
<!-- Generated by org.testng.reporters.JUnitXMLReporter -->
<testsuite ignored="0" hostname="PeaceLover" failures="0" tests="2" name="Smoke_Test2" time="17.751" errors="0" timestamp="2025-01-31T00:02:51 IST">
  <testcase classname="RonaldFredrick_Automation.SeleniumFrameWork_Implementation.UserAuthentication_Validation_Valid" name="validLogin" time="1.374"/>
  <testcase classname="RonaldFredrick_Automation.SeleniumFrameWork_Implementation.UserAuthentication_Validation_Valid" name="validLogin" time="1.297"/>
</testsuite> <!-- Smoke_Test2 -->
