<?xml version="1.0" encoding="UTF-8"?>
<testsuite xmlns:xsi="http://www.w3.org/2001/XMLSchema-instance" xsi:noNamespaceSchemaLocation="https://maven.apache.org/surefire/maven-surefire-plugin/xsd/surefire-test-report.xsd" version="3.0.2" name="TestSuite" time="89.55" tests="8" errors="0" skipped="0" failures="0">
  <properties>
[...]
</properties>
  <testcase name="Add_and_Delete_Product_From_Cart[{password=Iamking@000, productName=qwerty, username=anshika@gmail.com}](1)" classname="RonaldFredrick_Automation.SeleniumFrameWork_Implementation.ShoppingCart_Validation_add_And_Delete" time="31.091">
    <system-out><![CDATA[qwerty
Item Added to cart
Successfully Placed The order
]]></system-out>
    <system-err><![CDATA[Feb 05, 2025 1:46:14 PM org.openqa.selenium.devtools.CdpVersionFinder findNearestMatch
WARNING: Unable to find an exact match for CDP version 132, returning the closest version; found: 131; Please update to a Selenium version that supports CDP version 132
]]></system-err>
  </testcase>
  <testcase name="Add_and_Delete_Product_From_Cart[{password=Password@123, productName=Banarsi Saree, username=samicex570@hdrlog.com}](2)" classname="RonaldFredrick_Automation.SeleniumFrameWork_Implementation.ShoppingCart_Validation_add_And_Delete" time="19.736">
    <system-out><![CDATA[Banarsi Saree
Item Added to cart
Successfully Placed The order
]]></system-out>
    <system-err><![CDATA[Feb 05, 2025 1:46:48 PM org.openqa.selenium.devtools.CdpVersionFinder findNearestMatch
WARNING: Unable to find an exact match for CDP version 132, returning the closest version; found: 131; Please update to a Selenium version that supports CDP version 132
]]></system-err>
  </testcase>
  <testcase name="validLogin[anshika@gmail.com, Iamking@000](1)" classname="RonaldFredrick_Automation.SeleniumFrameWork_Implementation.UserAuthentication_Validation_Valid" time="0.384">
    <system-err><![CDATA[Feb 05, 2025 1:47:12 PM org.openqa.selenium.devtools.CdpVersionFinder findNearestMatch
WARNING: Unable to find an exact match for CDP version 132, returning the closest version; found: 131; Please update to a Selenium version that supports CDP version 132
]]></system-err>
  </testcase>
  <testcase name="validLogin[samicex570@hdrlog.com, Password@123](2)" classname="RonaldFredrick_Automation.SeleniumFrameWork_Implementation.UserAuthentication_Validation_Valid" time="0.442">
    <system-err><![CDATA[Feb 05, 2025 1:47:14 PM org.openqa.selenium.devtools.CdpVersionFinder findNearestMatch
WARNING: Unable to find an exact match for CDP version 132, returning the closest version; found: 131; Please update to a Selenium version that supports CDP version 132
]]></system-err>
  </testcase>
  <testcase name="Add_productTo_cart[anshika@gmail.com, Iamking@000](1)" classname="RonaldFredrick_Automation.SeleniumFrameWork_Implementation.ShoppingCart_Validation_Add_to_Cart" time="4.085">
    <system-out><![CDATA[qwerty
Item Added to cart
Successfully Placed The order
]]></system-out>
    <system-err><![CDATA[Feb 05, 2025 1:47:17 PM org.openqa.selenium.devtools.CdpVersionFinder findNearestMatch
WARNING: Unable to find an exact match for CDP version 132, returning the closest version; found: 131; Please update to a Selenium version that supports CDP version 132
]]></system-err>
  </testcase>
  <testcase name="Add_productTo_cart[samicex570@hdrlog.com, Password@123](2)" classname="RonaldFredrick_Automation.SeleniumFrameWork_Implementation.ShoppingCart_Validation_Add_to_Cart" time="4.134">
    <system-out><![CDATA[qwerty
Item Added to cart
Successfully Placed The order
]]></system-out>
    <system-err><![CDATA[Feb 05, 2025 1:47:23 PM org.openqa.selenium.devtools.CdpVersionFinder findNearestMatch
WARNING: Unable to find an exact match for CDP version 132, returning the closest version; found: 131; Please update to a Selenium version that supports CDP version 132
]]></system-err>
  </testcase>
  <testcase name="inValidLogin" classname="RonaldFredrick_Automation.SeleniumFrameWork_Implementation.UserAuthentication_Validation_Invalid" time="1.51">
    <system-err><![CDATA[Feb 05, 2025 1:47:31 PM org.openqa.selenium.devtools.CdpVersionFinder findNearestMatch
WARNING: Unable to find an exact match for CDP version 132, returning the closest version; found: 131; Please update to a Selenium version that supports CDP version 132
]]></system-err>
  </testcase>
  <testcase name="registration_Validation" classname="RonaldFredrick_Automation.SeleniumFrameWork_Implementation.UserRegistration_Validation" time="4.876">
    <system-err><![CDATA[Feb 05, 2025 1:47:34 PM org.openqa.selenium.devtools.CdpVersionFinder findNearestMatch
WARNING: Unable to find an exact match for CDP version 132, returning the closest version; found: 131; Please update to a Selenium version that supports CDP version 132
]]></system-err>
  </testcase>
</testsuite>